<?xml version="1.0" encoding="UTF-8"?>
<!-- Generated by org.testng.reporters.JUnitReportReporter -->
<testsuite ignored="0" hostname="Sarah-PC" failures="0" tests="1" name="com.experitest.auto.sendKey" time="39.493" errors="0" timestamp="04 Aug 2021 08:42:59 GMT" skipped="0">
  <testcase classname="com.experitest.auto.sendKey" name="testCal" time="39.493"/>
</testsuite> <!-- com.experitest.auto.sendKey -->
