<?xml version="1.0" encoding="UTF-8"?>
<!-- Generated by org.testng.reporters.JUnitReportReporter -->
<testsuite ignored="0" hostname="Sarah-PC" failures="0" tests="1" name="com.experitest.auto.Calculator" time="3.834" errors="0" timestamp="05 Aug 2021 10:41:36 GMT" skipped="0">
  <testcase classname="com.experitest.auto.Calculator" name="testCal" time="3.834"/>
</testsuite> <!-- com.experitest.auto.Calculator -->
