<?xml version="1.0" encoding="UTF-8"?>
<!-- Generated by org.testng.reporters.JUnitReportReporter -->
<testsuite ignored="0" hostname="Sarah-PC" failures="0" tests="1" name="com.experitest.auto.HandleAlert" time="8.316" errors="0" timestamp="05 Aug 2021 12:02:43 GMT" skipped="0">
  <testcase classname="com.experitest.auto.HandleAlert" name="tap" time="8.316"/>
</testsuite> <!-- com.experitest.auto.HandleAlert -->
