<?xml version="1.0" encoding="UTF-8"?>
<!-- Generated by org.testng.reporters.JUnitReportReporter -->
<testsuite ignored="0" hostname="Sarah-PC" failures="0" tests="1" name="com.experitest.auto.Touch" time="8.288" errors="0" timestamp="05 Aug 2021 12:51:08 GMT" skipped="0">
  <testcase classname="com.experitest.auto.Touch" name="touch" time="8.288"/>
</testsuite> <!-- com.experitest.auto.Touch -->
