<?xml version="1.0" encoding="UTF-8"?>
<!-- Generated by org.testng.reporters.JUnitReportReporter -->
<testsuite ignored="0" hostname="Sarah-PC" failures="0" tests="1" name="com.experitest.auto.noon" time="96.296" errors="0" timestamp="12 Aug 2021 08:52:23 GMT" skipped="0">
  <testcase classname="com.experitest.auto.noon" name="noonTest" time="96.296"/>
</testsuite> <!-- com.experitest.auto.noon -->
