<?xml version="1.0" encoding="UTF-8"?>
<!-- Generated by org.testng.reporters.JUnitReportReporter -->
<testsuite ignored="0" hostname="Sarah-PC" failures="0" tests="1" name="com.experitest.auto.twitterTest" time="10.608" errors="0" timestamp="11 Aug 2021 22:55:19 GMT" skipped="0">
  <testcase classname="com.experitest.auto.twitterTest" name="TestSendKeys" time="10.608"/>
</testsuite> <!-- com.experitest.auto.twitterTest -->
