<?xml version="1.0" encoding="UTF-8"?>
<!-- Generated by org.testng.reporters.JUnitReportReporter -->
<testsuite ignored="0" hostname="Sarah-PC" failures="0" tests="1" name="com.experitest.auto.AndroidDemoTest" time="24.653" errors="0" timestamp="05 Aug 2021 12:48:09 GMT" skipped="0">
  <testcase classname="com.experitest.auto.AndroidDemoTest" name="test" time="24.653"/>
</testsuite> <!-- com.experitest.auto.AndroidDemoTest -->
